{"C:\\Users\\Jhona\\OneDrive\\Desktop\\jhonatanquinteros_repos\\src\\config.ts": {"path":"C:\\Users\\Jhona\\OneDrive\\Desktop\\jhonatanquinteros_repos\\src\\config.ts","statementMap":{"0":{"start":{"line":1,"column":0},"end":{"line":1,"column":28}},"1":{"start":{"line":2,"column":0},"end":{"line":2,"column":null}},"2":{"start":{"line":4,"column":0},"end":{"line":7,"column":null}}},"fnMap":{},"branchMap":{},"s":{"0":1,"1":1,"2":1},"f":{},"b":{}}
,"C:\\Users\\Jhona\\OneDrive\\Desktop\\jhonatanquinteros_repos\\src\\controllers\\csv.controller.ts": {"path":"C:\\Users\\Jhona\\OneDrive\\Desktop\\jhonatanquinteros_repos\\src\\controllers\\csv.controller.ts","statementMap":{"0":{"start":{"line":2,"column":0},"end":{"line":2,"column":34}},"1":{"start":{"line":3,"column":0},"end":{"line":3,"column":26}},"2":{"start":{"line":5,"column":26},"end":{"line":19,"column":2}},"3":{"start":{"line":5,"column":59},"end":{"line":19,"column":2}},"4":{"start":{"line":6,"column":20},"end":{"line":6,"column":33}},"5":{"start":{"line":7,"column":16},"end":{"line":7,"column":62}},"6":{"start":{"line":9,"column":21},"end":{"line":9,"column":41}},"7":{"start":{"line":11,"column":22},"end":{"line":11,"column":34}},"8":{"start":{"line":12,"column":25},"end":{"line":12,"column":71}},"9":{"start":{"line":14,"column":4},"end":{"line":14,"column":null}},"10":{"start":{"line":15,"column":4},"end":{"line":15,"column":40}},"11":{"start":{"line":16,"column":4},"end":{"line":16,"column":20}},"12":{"start":{"line":17,"column":4},"end":{"line":17,"column":27}},"13":{"start":{"line":20,"column":0},"end":{"line":20,"column":33}}},"fnMap":{"0":{"name":"(anonymous_8)","decl":{"start":{"line":5,"column":26},"end":{"line":5,"column":32}},"loc":{"start":{"line":5,"column":59},"end":{"line":19,"column":2}}},"1":{"name":"(anonymous_9)","decl":{"start":{"line":5,"column":59},"end":{"line":5,"column":null}},"loc":{"start":{"line":5,"column":59},"end":{"line":19,"column":1}}}},"branchMap":{},"s":{"0":1,"1":1,"2":1,"3":0,"4":0,"5":0,"6":0,"7":0,"8":0,"9":0,"10":0,"11":0,"12":0,"13":1},"f":{"0":0,"1":0},"b":{}}
,"C:\\Users\\Jhona\\OneDrive\\Desktop\\jhonatanquinteros_repos\\src\\controllers\\index.ts": {"path":"C:\\Users\\Jhona\\OneDrive\\Desktop\\jhonatanquinteros_repos\\src\\controllers\\index.ts","statementMap":{"0":{"start":{"line":1,"column":0},"end":{"line":1,"column":9}},"1":{"start":{"line":7,"column":4},"end":{"line":1,"column":60}},"2":{"start":{"line":2,"column":0},"end":{"line":2,"column":7}},"3":{"start":{"line":8,"column":4},"end":{"line":2,"column":66}},"4":{"start":{"line":3,"column":0},"end":{"line":3,"column":7}},"5":{"start":{"line":9,"column":4},"end":{"line":3,"column":50}},"6":{"start":{"line":4,"column":0},"end":{"line":4,"column":7}},"7":{"start":{"line":10,"column":4},"end":{"line":4,"column":46}}},"fnMap":{"0":{"name":"(anonymous_1)","decl":{"start":{"line":7,"column":4},"end":{"line":7,"column":23}},"loc":{"start":{"line":7,"column":4},"end":{"line":1,"column":60}}}},"branchMap":{},"s":{"0":1,"1":1,"2":1,"3":1,"4":1,"5":1,"6":1,"7":1},"f":{"0":0},"b":{}}
,"C:\\Users\\Jhona\\OneDrive\\Desktop\\jhonatanquinteros_repos\\src\\controllers\\organizations.controller.ts": {"path":"C:\\Users\\Jhona\\OneDrive\\Desktop\\jhonatanquinteros_repos\\src\\controllers\\organizations.controller.ts","statementMap":{"0":{"start":{"line":2,"column":0},"end":{"line":2,"column":59}},"1":{"start":{"line":3,"column":0},"end":{"line":3,"column":69}},"2":{"start":{"line":5,"column":26},"end":{"line":8,"column":2}},"3":{"start":{"line":5,"column":59},"end":{"line":8,"column":2}},"4":{"start":{"line":6,"column":18},"end":{"line":6,"column":72}},"5":{"start":{"line":7,"column":4},"end":{"line":7,"column":20}},"6":{"start":{"line":10,"column":28},"end":{"line":14,"column":2}},"7":{"start":{"line":10,"column":61},"end":{"line":14,"column":2}},"8":{"start":{"line":11,"column":25},"end":{"line":11,"column":89}},"9":{"start":{"line":12,"column":20},"end":{"line":12,"column":86}},"10":{"start":{"line":13,"column":4},"end":{"line":13,"column":41}},"11":{"start":{"line":17,"column":26},"end":{"line":29,"column":2}},"12":{"start":{"line":17,"column":59},"end":{"line":29,"column":2}},"13":{"start":{"line":18,"column":15},"end":{"line":18,"column":28}},"14":{"start":{"line":20,"column":25},"end":{"line":22,"column":6}},"15":{"start":{"line":24,"column":4},"end":{"line":24,"column":null}},"16":{"start":{"line":24,"column":22},"end":{"line":24,"column":null}},"17":{"start":{"line":26,"column":20},"end":{"line":26,"column":87}},"18":{"start":{"line":28,"column":4},"end":{"line":28,"column":null}},"19":{"start":{"line":31,"column":28},"end":{"line":35,"column":2}},"20":{"start":{"line":31,"column":61},"end":{"line":35,"column":2}},"21":{"start":{"line":32,"column":15},"end":{"line":32,"column":28}},"22":{"start":{"line":33,"column":20},"end":{"line":33,"column":78}},"23":{"start":{"line":34,"column":4},"end":{"line":34,"column":29}},"24":{"start":{"line":38,"column":0},"end":{"line":43,"column":null}}},"fnMap":{"0":{"name":"(anonymous_7)","decl":{"start":{"line":5,"column":26},"end":{"line":5,"column":32}},"loc":{"start":{"line":5,"column":59},"end":{"line":8,"column":2}}},"1":{"name":"(anonymous_8)","decl":{"start":{"line":5,"column":59},"end":{"line":5,"column":null}},"loc":{"start":{"line":5,"column":59},"end":{"line":8,"column":1}}},"2":{"name":"(anonymous_9)","decl":{"start":{"line":10,"column":28},"end":{"line":10,"column":34}},"loc":{"start":{"line":10,"column":61},"end":{"line":14,"column":2}}},"3":{"name":"(anonymous_10)","decl":{"start":{"line":10,"column":61},"end":{"line":10,"column":null}},"loc":{"start":{"line":10,"column":61},"end":{"line":14,"column":1}}},"4":{"name":"(anonymous_11)","decl":{"start":{"line":17,"column":26},"end":{"line":17,"column":32}},"loc":{"start":{"line":17,"column":59},"end":{"line":29,"column":2}}},"5":{"name":"(anonymous_12)","decl":{"start":{"line":17,"column":59},"end":{"line":17,"column":null}},"loc":{"start":{"line":17,"column":59},"end":{"line":29,"column":1}}},"6":{"name":"(anonymous_13)","decl":{"start":{"line":31,"column":28},"end":{"line":31,"column":34}},"loc":{"start":{"line":31,"column":61},"end":{"line":35,"column":2}}},"7":{"name":"(anonymous_14)","decl":{"start":{"line":31,"column":61},"end":{"line":31,"column":null}},"loc":{"start":{"line":31,"column":61},"end":{"line":35,"column":1}}}},"branchMap":{"0":{"loc":{"start":{"line":24,"column":4},"end":{"line":24,"column":null}},"type":"if","locations":[{"start":{"line":24,"column":4},"end":{"line":24,"column":null}}]}},"s":{"0":1,"1":1,"2":1,"3":0,"4":0,"5":0,"6":1,"7":0,"8":0,"9":0,"10":0,"11":1,"12":0,"13":0,"14":0,"15":0,"16":0,"17":0,"18":0,"19":1,"20":0,"21":0,"22":0,"23":0,"24":1},"f":{"0":0,"1":0,"2":0,"3":0,"4":0,"5":0,"6":0,"7":0},"b":{"0":[0]}}
,"C:\\Users\\Jhona\\OneDrive\\Desktop\\jhonatanquinteros_repos\\src\\controllers\\simulate.controller.ts": {"path":"C:\\Users\\Jhona\\OneDrive\\Desktop\\jhonatanquinteros_repos\\src\\controllers\\simulate.controller.ts","statementMap":{"0":{"start":{"line":2,"column":0},"end":{"line":2,"column":26}},"1":{"start":{"line":5,"column":35},"end":{"line":13,"column":2}},"2":{"start":{"line":5,"column":68},"end":{"line":13,"column":2}},"3":{"start":{"line":6,"column":23},"end":{"line":6,"column":74}},"4":{"start":{"line":11,"column":8},"end":{"line":11,"column":24}},"5":{"start":{"line":12,"column":8},"end":{"line":12,"column":38}},"6":{"start":{"line":5,"column":13},"end":{"line":5,"column":35}}},"fnMap":{"0":{"name":"(anonymous_8)","decl":{"start":{"line":5,"column":35},"end":{"line":5,"column":41}},"loc":{"start":{"line":5,"column":68},"end":{"line":13,"column":2}}},"1":{"name":"(anonymous_9)","decl":{"start":{"line":5,"column":68},"end":{"line":5,"column":null}},"loc":{"start":{"line":5,"column":68},"end":{"line":13,"column":1}}}},"branchMap":{},"s":{"0":1,"1":1,"2":0,"3":0,"4":0,"5":0,"6":1},"f":{"0":0,"1":0},"b":{}}
,"C:\\Users\\Jhona\\OneDrive\\Desktop\\jhonatanquinteros_repos\\src\\controllers\\tribe.controller.ts": {"path":"C:\\Users\\Jhona\\OneDrive\\Desktop\\jhonatanquinteros_repos\\src\\controllers\\tribe.controller.ts","statementMap":{"0":{"start":{"line":3,"column":25},"end":{"line":57,"column":2}},"1":{"start":{"line":3,"column":89},"end":{"line":57,"column":2}},"2":{"start":{"line":4,"column":45},"end":{"line":56,"column":null}},"3":{"start":{"line":5,"column":31},"end":{"line":5,"column":44}},"4":{"start":{"line":7,"column":14},"end":{"line":7,"column":156}},"5":{"start":{"line":7,"column":74},"end":{"line":7,"column":156}},"6":{"start":{"line":9,"column":28},"end":{"line":11,"column":19}},"7":{"start":{"line":13,"column":14},"end":{"line":13,"column":98}},"8":{"start":{"line":13,"column":25},"end":{"line":13,"column":98}},"9":{"start":{"line":15,"column":32},"end":{"line":15,"column":77}},"10":{"start":{"line":16,"column":31},"end":{"line":16,"column":76}},"11":{"start":{"line":18,"column":29},"end":{"line":30,"column":24}},"12":{"start":{"line":32,"column":14},"end":{"line":32,"column":144}},"13":{"start":{"line":32,"column":36},"end":{"line":32,"column":143}},"14":{"start":{"line":34,"column":34},"end":{"line":34,"column":85}},"15":{"start":{"line":35,"column":31},"end":{"line":36,"column":null}},"16":{"start":{"line":36,"column":21},"end":{"line":36,"column":35}},"17":{"start":{"line":39,"column":32},"end":{"line":51,"column":17}},"18":{"start":{"line":39,"column":53},"end":{"line":51,"column":16}},"19":{"start":{"line":53,"column":14},"end":{"line":55,"column":17}},"20":{"start":{"line":59,"column":0},"end":{"line":59,"column":32}}},"fnMap":{"0":{"name":"(anonymous_7)","decl":{"start":{"line":3,"column":25},"end":{"line":3,"column":26}},"loc":{"start":{"line":3,"column":89},"end":{"line":57,"column":2}}},"1":{"name":"(anonymous_8)","decl":{"start":{"line":4,"column":12},"end":{"line":4,"column":18}},"loc":{"start":{"line":4,"column":45},"end":{"line":56,"column":null}}},"2":{"name":"(anonymous_9)","decl":{"start":{"line":4,"column":45},"end":{"line":4,"column":null}},"loc":{"start":{"line":4,"column":45},"end":{"line":56,"column":8}}},"3":{"name":"(anonymous_10)","decl":{"start":{"line":35,"column":73},"end":{"line":35,"column":74}},"loc":{"start":{"line":36,"column":21},"end":{"line":36,"column":35}}},"4":{"name":"(anonymous_11)","decl":{"start":{"line":39,"column":43},"end":{"line":39,"column":44}},"loc":{"start":{"line":39,"column":53},"end":{"line":51,"column":16}}}},"branchMap":{"0":{"loc":{"start":{"line":7,"column":14},"end":{"line":7,"column":156}},"type":"if","locations":[{"start":{"line":7,"column":14},"end":{"line":7,"column":156}}]},"1":{"loc":{"start":{"line":7,"column":17},"end":{"line":7,"column":71}},"type":"binary-expr","locations":[{"start":{"line":7,"column":17},"end":{"line":7,"column":26}},{"start":{"line":7,"column":30},"end":{"line":7,"column":71}}]},"2":{"loc":{"start":{"line":13,"column":14},"end":{"line":13,"column":98}},"type":"if","locations":[{"start":{"line":13,"column":14},"end":{"line":13,"column":98}}]},"3":{"loc":{"start":{"line":32,"column":14},"end":{"line":32,"column":144}},"type":"if","locations":[{"start":{"line":32,"column":14},"end":{"line":32,"column":144}}]}},"s":{"0":1,"1":1,"2":1,"3":1,"4":1,"5":0,"6":1,"7":1,"8":1,"9":0,"10":0,"11":0,"12":0,"13":0,"14":0,"15":0,"16":0,"17":0,"18":0,"19":0,"20":1},"f":{"0":1,"1":1,"2":1,"3":0,"4":0},"b":{"0":[0],"1":[1,1],"2":[1],"3":[0]}}
,"C:\\Users\\Jhona\\OneDrive\\Desktop\\jhonatanquinteros_repos\\src\\db\\cockroach.connection.ts": {"path":"C:\\Users\\Jhona\\OneDrive\\Desktop\\jhonatanquinteros_repos\\src\\db\\cockroach.connection.ts","statementMap":{"0":{"start":{"line":1,"column":0},"end":{"line":1,"column":37}},"1":{"start":{"line":2,"column":0},"end":{"line":2,"column":26}},"2":{"start":{"line":3,"column":0},"end":{"line":3,"column":41}},"3":{"start":{"line":4,"column":0},"end":{"line":4,"column":31}},"4":{"start":{"line":6,"column":14},"end":{"line":6,"column":44}},"5":{"start":{"line":7,"column":18},"end":{"line":7,"column":51}},"6":{"start":{"line":8,"column":0},"end":{"line":8,"column":37}},"7":{"start":{"line":10,"column":13},"end":{"line":19,"column":3}}},"fnMap":{},"branchMap":{},"s":{"0":1,"1":1,"2":1,"3":1,"4":1,"5":1,"6":1,"7":1},"f":{},"b":{}}
,"C:\\Users\\Jhona\\OneDrive\\Desktop\\jhonatanquinteros_repos\\src\\models\\entities\\index.ts": {"path":"C:\\Users\\Jhona\\OneDrive\\Desktop\\jhonatanquinteros_repos\\src\\models\\entities\\index.ts","statementMap":{"0":{"start":{"line":1,"column":0},"end":{"line":1,"column":52}},"1":{"start":{"line":2,"column":0},"end":{"line":2,"column":43}},"2":{"start":{"line":3,"column":0},"end":{"line":3,"column":48}},"3":{"start":{"line":4,"column":0},"end":{"line":4,"column":38}},"4":{"start":{"line":6,"column":0},"end":{"line":11,"column":null}}},"fnMap":{},"branchMap":{},"s":{"0":1,"1":1,"2":1,"3":1,"4":1},"f":{},"b":{}}
,"C:\\Users\\Jhona\\OneDrive\\Desktop\\jhonatanquinteros_repos\\src\\models\\entities\\metricts.model.ts": {"path":"C:\\Users\\Jhona\\OneDrive\\Desktop\\jhonatanquinteros_repos\\src\\models\\entities\\metricts.model.ts","statementMap":{"0":{"start":{"line":1,"column":0},"end":{"line":1,"column":78}},"1":{"start":{"line":2,"column":0},"end":{"line":2,"column":48}},"2":{"start":{"line":5,"column":0},"end":{"line":28,"column":null}},"3":{"start":{"line":10,"column":4},"end":{"line":10,"column":null}},"4":{"start":{"line":8,"column":20},"end":{"line":8,"column":30}},"5":{"start":{"line":13,"column":4},"end":{"line":13,"column":null}},"6":{"start":{"line":16,"column":4},"end":{"line":16,"column":null}},"7":{"start":{"line":19,"column":4},"end":{"line":19,"column":null}},"8":{"start":{"line":22,"column":4},"end":{"line":22,"column":null}},"9":{"start":{"line":25,"column":4},"end":{"line":25,"column":null}},"10":{"start":{"line":5,"column":13},"end":{"line":28,"column":null}},"11":{"start":{"line":5,"column":13},"end":{"line":5,"column":20}}},"fnMap":{"0":{"name":"(anonymous_2)","decl":{"start":{"line":8,"column":14},"end":{"line":8,"column":17}},"loc":{"start":{"line":8,"column":20},"end":{"line":8,"column":30}}}},"branchMap":{},"s":{"0":1,"1":1,"2":1,"3":1,"4":0,"5":1,"6":1,"7":1,"8":1,"9":1,"10":1,"11":1},"f":{"0":0},"b":{}}
,"C:\\Users\\Jhona\\OneDrive\\Desktop\\jhonatanquinteros_repos\\src\\models\\entities\\organization.model.ts": {"path":"C:\\Users\\Jhona\\OneDrive\\Desktop\\jhonatanquinteros_repos\\src\\models\\entities\\organization.model.ts","statementMap":{"0":{"start":{"line":1,"column":0},"end":{"line":1,"column":56}},"1":{"start":{"line":4,"column":0},"end":{"line":15,"column":null}},"2":{"start":{"line":7,"column":0},"end":{"line":7,"column":null}},"3":{"start":{"line":10,"column":0},"end":{"line":10,"column":null}},"4":{"start":{"line":13,"column":0},"end":{"line":13,"column":null}},"5":{"start":{"line":4,"column":13},"end":{"line":15,"column":null}},"6":{"start":{"line":4,"column":13},"end":{"line":4,"column":25}}},"fnMap":{},"branchMap":{},"s":{"0":1,"1":1,"2":1,"3":1,"4":1,"5":1,"6":1},"f":{},"b":{}}
,"C:\\Users\\Jhona\\OneDrive\\Desktop\\jhonatanquinteros_repos\\src\\models\\entities\\repository.model.ts": {"path":"C:\\Users\\Jhona\\OneDrive\\Desktop\\jhonatanquinteros_repos\\src\\models\\entities\\repository.model.ts","statementMap":{"0":{"start":{"line":1,"column":0},"end":{"line":1,"column":38}},"1":{"start":{"line":2,"column":0},"end":{"line":2,"column":118}},"2":{"start":{"line":5,"column":0},"end":{"line":26,"column":null}},"3":{"start":{"line":7,"column":4},"end":{"line":7,"column":null}},"4":{"start":{"line":12,"column":4},"end":{"line":12,"column":null}},"5":{"start":{"line":9,"column":19},"end":{"line":9,"column":24}},"6":{"start":{"line":15,"column":4},"end":{"line":15,"column":null}},"7":{"start":{"line":18,"column":4},"end":{"line":18,"column":null}},"8":{"start":{"line":21,"column":4},"end":{"line":21,"column":null}},"9":{"start":{"line":24,"column":4},"end":{"line":24,"column":null}},"10":{"start":{"line":5,"column":13},"end":{"line":26,"column":null}},"11":{"start":{"line":5,"column":13},"end":{"line":5,"column":23}}},"fnMap":{"0":{"name":"(anonymous_2)","decl":{"start":{"line":9,"column":15},"end":{"line":9,"column":17}},"loc":{"start":{"line":9,"column":19},"end":{"line":9,"column":24}}}},"branchMap":{},"s":{"0":1,"1":1,"2":1,"3":1,"4":1,"5":0,"6":1,"7":1,"8":1,"9":1,"10":1,"11":1},"f":{"0":0},"b":{}}
,"C:\\Users\\Jhona\\OneDrive\\Desktop\\jhonatanquinteros_repos\\src\\models\\entities\\tribe.model.ts": {"path":"C:\\Users\\Jhona\\OneDrive\\Desktop\\jhonatanquinteros_repos\\src\\models\\entities\\tribe.model.ts","statementMap":{"0":{"start":{"line":1,"column":0},"end":{"line":1,"column":96}},"1":{"start":{"line":2,"column":0},"end":{"line":2,"column":52}},"2":{"start":{"line":6,"column":0},"end":{"line":24,"column":null}},"3":{"start":{"line":9,"column":4},"end":{"line":9,"column":null}},"4":{"start":{"line":12,"column":4},"end":{"line":12,"column":null}},"5":{"start":{"line":15,"column":4},"end":{"line":15,"column":null}},"6":{"start":{"line":21,"column":4},"end":{"line":21,"column":null}},"7":{"start":{"line":18,"column":19},"end":{"line":18,"column":31}},"8":{"start":{"line":6,"column":13},"end":{"line":24,"column":null}},"9":{"start":{"line":6,"column":13},"end":{"line":6,"column":18}}},"fnMap":{"0":{"name":"(anonymous_2)","decl":{"start":{"line":18,"column":15},"end":{"line":18,"column":17}},"loc":{"start":{"line":18,"column":19},"end":{"line":18,"column":31}}}},"branchMap":{},"s":{"0":1,"1":1,"2":1,"3":1,"4":1,"5":1,"6":1,"7":0,"8":1,"9":1},"f":{"0":0},"b":{}}
}
