TN:
SF:src\config.ts
FNF:0
FNH:0
DA:1,1
DA:2,1
DA:4,1
LF:3
LH:3
BRF:0
BRH:0
end_of_record
TN:
SF:src\controllers\csv.controller.ts
FN:5,(anonymous_8)
FN:5,(anonymous_9)
FNF:2
FNH:0
FNDA:0,(anonymous_8)
FNDA:0,(anonymous_9)
DA:2,1
DA:3,1
DA:5,1
DA:6,0
DA:7,0
DA:9,0
DA:11,0
DA:12,0
DA:14,0
DA:15,0
DA:16,0
DA:17,0
DA:20,1
LF:13
LH:4
BRF:0
BRH:0
end_of_record
TN:
SF:src\controllers\index.ts
FN:7,(anonymous_1)
FNF:1
FNH:0
FNDA:0,(anonymous_1)
DA:1,1
DA:2,1
DA:3,1
DA:4,1
DA:7,1
DA:8,1
DA:9,1
DA:10,1
LF:8
LH:8
BRF:0
BRH:0
end_of_record
TN:
SF:src\controllers\organizations.controller.ts
FN:5,(anonymous_7)
FN:5,(anonymous_8)
FN:10,(anonymous_9)
FN:10,(anonymous_10)
FN:17,(anonymous_11)
FN:17,(anonymous_12)
FN:31,(anonymous_13)
FN:31,(anonymous_14)
FNF:8
FNH:0
FNDA:0,(anonymous_7)
FNDA:0,(anonymous_8)
FNDA:0,(anonymous_9)
FNDA:0,(anonymous_10)
FNDA:0,(anonymous_11)
FNDA:0,(anonymous_12)
FNDA:0,(anonymous_13)
FNDA:0,(anonymous_14)
DA:2,1
DA:3,1
DA:5,1
DA:6,0
DA:7,0
DA:10,1
DA:11,0
DA:12,0
DA:13,0
DA:17,1
DA:18,0
DA:20,0
DA:24,0
DA:26,0
DA:28,0
DA:31,1
DA:32,0
DA:33,0
DA:34,0
DA:38,1
LF:20
LH:7
BRDA:24,0,0,0
BRF:1
BRH:0
end_of_record
TN:
SF:src\controllers\simulate.controller.ts
FN:5,(anonymous_8)
FN:5,(anonymous_9)
FNF:2
FNH:0
FNDA:0,(anonymous_8)
FNDA:0,(anonymous_9)
DA:2,1
DA:5,1
DA:6,0
DA:11,0
DA:12,0
LF:5
LH:2
BRF:0
BRH:0
end_of_record
TN:
SF:src\controllers\tribe.controller.ts
FN:3,(anonymous_7)
FN:4,(anonymous_8)
FN:4,(anonymous_9)
FN:35,(anonymous_10)
FN:39,(anonymous_11)
FNF:5
FNH:3
FNDA:1,(anonymous_7)
FNDA:1,(anonymous_8)
FNDA:1,(anonymous_9)
FNDA:0,(anonymous_10)
FNDA:0,(anonymous_11)
DA:3,1
DA:4,1
DA:5,1
DA:7,1
DA:9,1
DA:13,1
DA:15,0
DA:16,0
DA:18,0
DA:32,0
DA:34,0
DA:35,0
DA:36,0
DA:39,0
DA:53,0
DA:59,1
LF:16
LH:7
BRDA:7,0,0,0
BRDA:7,1,0,1
BRDA:7,1,1,1
BRDA:13,2,0,1
BRDA:32,3,0,0
BRF:5
BRH:3
end_of_record
TN:
SF:src\db\cockroach.connection.ts
FNF:0
FNH:0
DA:1,1
DA:2,1
DA:3,1
DA:4,1
DA:6,1
DA:7,1
DA:8,1
DA:10,1
LF:8
LH:8
BRF:0
BRH:0
end_of_record
TN:
SF:src\models\entities\index.ts
FNF:0
FNH:0
DA:1,1
DA:2,1
DA:3,1
DA:4,1
DA:6,1
LF:5
LH:5
BRF:0
BRH:0
end_of_record
TN:
SF:src\models\entities\metricts.model.ts
FN:8,(anonymous_2)
FNF:1
FNH:0
FNDA:0,(anonymous_2)
DA:1,1
DA:2,1
DA:5,1
DA:8,0
DA:10,1
DA:13,1
DA:16,1
DA:19,1
DA:22,1
DA:25,1
LF:10
LH:9
BRF:0
BRH:0
end_of_record
TN:
SF:src\models\entities\organization.model.ts
FNF:0
FNH:0
DA:1,1
DA:4,1
DA:7,1
DA:10,1
DA:13,1
LF:5
LH:5
BRF:0
BRH:0
end_of_record
TN:
SF:src\models\entities\repository.model.ts
FN:9,(anonymous_2)
FNF:1
FNH:0
FNDA:0,(anonymous_2)
DA:1,1
DA:2,1
DA:5,1
DA:7,1
DA:9,0
DA:12,1
DA:15,1
DA:18,1
DA:21,1
DA:24,1
LF:10
LH:9
BRF:0
BRH:0
end_of_record
TN:
SF:src\models\entities\tribe.model.ts
FN:18,(anonymous_2)
FNF:1
FNH:0
FNDA:0,(anonymous_2)
DA:1,1
DA:2,1
DA:6,1
DA:9,1
DA:12,1
DA:15,1
DA:18,0
DA:21,1
LF:8
LH:7
BRF:0
BRH:0
end_of_record
